
*** Running vivado
    with args -log full_adder_dataflow.vds -m64 -product Vivado -mode batch -messageDb vivado.pb -notrace -source full_adder_dataflow.tcl


****** Vivado v2024.2 (64-bit)
  **** SW Build 5239630 on Fri Nov 08 22:34:34 MST 2024
  **** IP Build 5239520 on Sun Nov 10 16:12:51 MST 2024
  **** SharedData Build 5239561 on Fri Nov 08 14:39:27 MST 2024
  **** Start of session at: Mon Apr 27 10:42:29 2026
    ** Copyright 1986-2022 Xilinx, Inc. All Rights Reserved.
    ** Copyright 2022-2024 Advanced Micro Devices, Inc. All Rights Reserved.

source full_adder_dataflow.tcl -notrace
Command: read_checkpoint -auto_incremental -incremental /home/appletea/workspace_onedevice_2/fpga/RTL_Design/RTL_Design.srcs/utils_1/imports/synth_1/watch.dcp
INFO: [Vivado 12-5825] Read reference checkpoint from /home/appletea/workspace_onedevice_2/fpga/RTL_Design/RTL_Design.srcs/utils_1/imports/synth_1/watch.dcp for incremental synthesis
INFO: [Vivado 12-7989] Please ensure there are no constraint changes
Command: synth_design -top full_adder_dataflow -part xc7a35tcpg236-1
Starting synth_design
Attempting to get a license for feature 'Synthesis' and/or device 'xc7a35t'
INFO: [Common 17-349] Got license for feature 'Synthesis' and/or device 'xc7a35t'
INFO: [Device 21-403] Loading part xc7a35tcpg236-1
INFO: [Synth 8-7079] Multithreading enabled for synth_design using a maximum of 7 processes.
INFO: [Synth 8-7078] Launching helper process for spawning children vivado processes
INFO: [Synth 8-7075] Helper process launched with PID 26358
---------------------------------------------------------------------------------
Starting RTL Elaboration : Time (s): cpu = 00:00:02 ; elapsed = 00:00:02 . Memory (MB): peak = 1841.469 ; gain = 366.852 ; free physical = 7451 ; free virtual = 36016
---------------------------------------------------------------------------------
INFO: [Synth 8-6157] synthesizing module 'full_adder_dataflow' [/home/appletea/workspace_onedevice_2/fpga/RTL_Design/RTL_Design.srcs/sources_1/new/combinational_logic.v:110]
INFO: [Synth 8-6155] done synthesizing module 'full_adder_dataflow' (0#1) [/home/appletea/workspace_onedevice_2/fpga/RTL_Design/RTL_Design.srcs/sources_1/new/combinational_logic.v:110]
---------------------------------------------------------------------------------
Finished RTL Elaboration : Time (s): cpu = 00:00:03 ; elapsed = 00:00:03 . Memory (MB): peak = 1911.406 ; gain = 436.789 ; free physical = 7357 ; free virtual = 35924
---------------------------------------------------------------------------------
---------------------------------------------------------------------------------
Start Handling Custom Attributes
---------------------------------------------------------------------------------
---------------------------------------------------------------------------------
Finished Handling Custom Attributes : Time (s): cpu = 00:00:03 ; elapsed = 00:00:03 . Memory (MB): peak = 1929.219 ; gain = 454.602 ; free physical = 7352 ; free virtual = 35919
---------------------------------------------------------------------------------
---------------------------------------------------------------------------------
Finished RTL Optimization Phase 1 : Time (s): cpu = 00:00:03 ; elapsed = 00:00:03 . Memory (MB): peak = 1929.219 ; gain = 454.602 ; free physical = 7352 ; free virtual = 35919
---------------------------------------------------------------------------------
Netlist sorting complete. Time (s): cpu = 00:00:00 ; elapsed = 00:00:00 . Memory (MB): peak = 1929.219 ; gain = 0.000 ; free physical = 7352 ; free virtual = 35919
INFO: [Project 1-570] Preparing netlist for logic optimization

Processing XDC Constraints
Initializing timing engine
Parsing XDC File [/home/appletea/workspace_onedevice_2/fpga/RTL_Design/RTL_Design.srcs/constrs_1/imports/fpga/Basys-3-Master.xdc]
WARNING: [Vivado 12-584] No ports matched 'clk'. [/home/appletea/workspace_onedevice_2/fpga/RTL_Design/RTL_Design.srcs/constrs_1/imports/fpga/Basys-3-Master.xdc:7]
CRITICAL WARNING: [Common 17-55] 'set_property' expects at least one object. [/home/appletea/workspace_onedevice_2/fpga/RTL_Design/RTL_Design.srcs/constrs_1/imports/fpga/Basys-3-Master.xdc:7]
Resolution: If [get_<value>] was used to populate the object, check to make sure this command returns at least one valid object.
WARNING: [Vivado 12-584] No ports matched 'clk'. [/home/appletea/workspace_onedevice_2/fpga/RTL_Design/RTL_Design.srcs/constrs_1/imports/fpga/Basys-3-Master.xdc:8]
CRITICAL WARNING: [Vivado 12-4739] create_clock:No valid object(s) found for '-objects [get_ports clk]'. [/home/appletea/workspace_onedevice_2/fpga/RTL_Design/RTL_Design.srcs/constrs_1/imports/fpga/Basys-3-Master.xdc:8]
Resolution: Check if the specified object(s) exists in the current design. If it does, ensure that the correct design hierarchy was specified for the object. If you are working with clocks, make sure create_clock was used to create the clock object before it is referenced.
WARNING: [Vivado 12-584] No ports matched 'reset_p'. [/home/appletea/workspace_onedevice_2/fpga/RTL_Design/RTL_Design.srcs/constrs_1/imports/fpga/Basys-3-Master.xdc:12]
CRITICAL WARNING: [Common 17-55] 'set_property' expects at least one object. [/home/appletea/workspace_onedevice_2/fpga/RTL_Design/RTL_Design.srcs/constrs_1/imports/fpga/Basys-3-Master.xdc:12]
Resolution: If [get_<value>] was used to populate the object, check to make sure this command returns at least one valid object.
WARNING: [Vivado 12-584] No ports matched 'd'. [/home/appletea/workspace_onedevice_2/fpga/RTL_Design/RTL_Design.srcs/constrs_1/imports/fpga/Basys-3-Master.xdc:13]
CRITICAL WARNING: [Common 17-55] 'set_property' expects at least one object. [/home/appletea/workspace_onedevice_2/fpga/RTL_Design/RTL_Design.srcs/constrs_1/imports/fpga/Basys-3-Master.xdc:13]
Resolution: If [get_<value>] was used to populate the object, check to make sure this command returns at least one valid object.
WARNING: [Vivado 12-584] No ports matched 'en'. [/home/appletea/workspace_onedevice_2/fpga/RTL_Design/RTL_Design.srcs/constrs_1/imports/fpga/Basys-3-Master.xdc:14]
CRITICAL WARNING: [Common 17-55] 'set_property' expects at least one object. [/home/appletea/workspace_onedevice_2/fpga/RTL_Design/RTL_Design.srcs/constrs_1/imports/fpga/Basys-3-Master.xdc:14]
Resolution: If [get_<value>] was used to populate the object, check to make sure this command returns at least one valid object.
WARNING: [Vivado 12-584] No ports matched 'pwm_led'. [/home/appletea/workspace_onedevice_2/fpga/RTL_Design/RTL_Design.srcs/constrs_1/imports/fpga/Basys-3-Master.xdc:31]
CRITICAL WARNING: [Common 17-55] 'set_property' expects at least one object. [/home/appletea/workspace_onedevice_2/fpga/RTL_Design/RTL_Design.srcs/constrs_1/imports/fpga/Basys-3-Master.xdc:31]
Resolution: If [get_<value>] was used to populate the object, check to make sure this command returns at least one valid object.
WARNING: [Vivado 12-584] No ports matched 'seg[0]'. [/home/appletea/workspace_onedevice_2/fpga/RTL_Design/RTL_Design.srcs/constrs_1/imports/fpga/Basys-3-Master.xdc:50]
CRITICAL WARNING: [Common 17-55] 'set_property' expects at least one object. [/home/appletea/workspace_onedevice_2/fpga/RTL_Design/RTL_Design.srcs/constrs_1/imports/fpga/Basys-3-Master.xdc:50]
Resolution: If [get_<value>] was used to populate the object, check to make sure this command returns at least one valid object.
WARNING: [Vivado 12-584] No ports matched 'seg[1]'. [/home/appletea/workspace_onedevice_2/fpga/RTL_Design/RTL_Design.srcs/constrs_1/imports/fpga/Basys-3-Master.xdc:51]
CRITICAL WARNING: [Common 17-55] 'set_property' expects at least one object. [/home/appletea/workspace_onedevice_2/fpga/RTL_Design/RTL_Design.srcs/constrs_1/imports/fpga/Basys-3-Master.xdc:51]
Resolution: If [get_<value>] was used to populate the object, check to make sure this command returns at least one valid object.
WARNING: [Vivado 12-584] No ports matched 'seg[2]'. [/home/appletea/workspace_onedevice_2/fpga/RTL_Design/RTL_Design.srcs/constrs_1/imports/fpga/Basys-3-Master.xdc:52]
CRITICAL WARNING: [Common 17-55] 'set_property' expects at least one object. [/home/appletea/workspace_onedevice_2/fpga/RTL_Design/RTL_Design.srcs/constrs_1/imports/fpga/Basys-3-Master.xdc:52]
Resolution: If [get_<value>] was used to populate the object, check to make sure this command returns at least one valid object.
WARNING: [Vivado 12-584] No ports matched 'seg[3]'. [/home/appletea/workspace_onedevice_2/fpga/RTL_Design/RTL_Design.srcs/constrs_1/imports/fpga/Basys-3-Master.xdc:53]
CRITICAL WARNING: [Common 17-55] 'set_property' expects at least one object. [/home/appletea/workspace_onedevice_2/fpga/RTL_Design/RTL_Design.srcs/constrs_1/imports/fpga/Basys-3-Master.xdc:53]
Resolution: If [get_<value>] was used to populate the object, check to make sure this command returns at least one valid object.
WARNING: [Vivado 12-584] No ports matched 'seg[4]'. [/home/appletea/workspace_onedevice_2/fpga/RTL_Design/RTL_Design.srcs/constrs_1/imports/fpga/Basys-3-Master.xdc:54]
CRITICAL WARNING: [Common 17-55] 'set_property' expects at least one object. [/home/appletea/workspace_onedevice_2/fpga/RTL_Design/RTL_Design.srcs/constrs_1/imports/fpga/Basys-3-Master.xdc:54]
Resolution: If [get_<value>] was used to populate the object, check to make sure this command returns at least one valid object.
WARNING: [Vivado 12-584] No ports matched 'seg[5]'. [/home/appletea/workspace_onedevice_2/fpga/RTL_Design/RTL_Design.srcs/constrs_1/imports/fpga/Basys-3-Master.xdc:55]
CRITICAL WARNING: [Common 17-55] 'set_property' expects at least one object. [/home/appletea/workspace_onedevice_2/fpga/RTL_Design/RTL_Design.srcs/constrs_1/imports/fpga/Basys-3-Master.xdc:55]
Resolution: If [get_<value>] was used to populate the object, check to make sure this command returns at least one valid object.
WARNING: [Vivado 12-584] No ports matched 'seg[6]'. [/home/appletea/workspace_onedevice_2/fpga/RTL_Design/RTL_Design.srcs/constrs_1/imports/fpga/Basys-3-Master.xdc:56]
CRITICAL WARNING: [Common 17-55] 'set_property' expects at least one object. [/home/appletea/workspace_onedevice_2/fpga/RTL_Design/RTL_Design.srcs/constrs_1/imports/fpga/Basys-3-Master.xdc:56]
Resolution: If [get_<value>] was used to populate the object, check to make sure this command returns at least one valid object.
WARNING: [Vivado 12-584] No ports matched 'seg[7]'. [/home/appletea/workspace_onedevice_2/fpga/RTL_Design/RTL_Design.srcs/constrs_1/imports/fpga/Basys-3-Master.xdc:58]
CRITICAL WARNING: [Common 17-55] 'set_property' expects at least one object. [/home/appletea/workspace_onedevice_2/fpga/RTL_Design/RTL_Design.srcs/constrs_1/imports/fpga/Basys-3-Master.xdc:58]
Resolution: If [get_<value>] was used to populate the object, check to make sure this command returns at least one valid object.
WARNING: [Vivado 12-584] No ports matched 'com_an[0]'. [/home/appletea/workspace_onedevice_2/fpga/RTL_Design/RTL_Design.srcs/constrs_1/imports/fpga/Basys-3-Master.xdc:60]
CRITICAL WARNING: [Common 17-55] 'set_property' expects at least one object. [/home/appletea/workspace_onedevice_2/fpga/RTL_Design/RTL_Design.srcs/constrs_1/imports/fpga/Basys-3-Master.xdc:60]
Resolution: If [get_<value>] was used to populate the object, check to make sure this command returns at least one valid object.
WARNING: [Vivado 12-584] No ports matched 'com_an[1]'. [/home/appletea/workspace_onedevice_2/fpga/RTL_Design/RTL_Design.srcs/constrs_1/imports/fpga/Basys-3-Master.xdc:61]
CRITICAL WARNING: [Common 17-55] 'set_property' expects at least one object. [/home/appletea/workspace_onedevice_2/fpga/RTL_Design/RTL_Design.srcs/constrs_1/imports/fpga/Basys-3-Master.xdc:61]
Resolution: If [get_<value>] was used to populate the object, check to make sure this command returns at least one valid object.
WARNING: [Vivado 12-584] No ports matched 'com_an[2]'. [/home/appletea/workspace_onedevice_2/fpga/RTL_Design/RTL_Design.srcs/constrs_1/imports/fpga/Basys-3-Master.xdc:62]
CRITICAL WARNING: [Common 17-55] 'set_property' expects at least one object. [/home/appletea/workspace_onedevice_2/fpga/RTL_Design/RTL_Design.srcs/constrs_1/imports/fpga/Basys-3-Master.xdc:62]
Resolution: If [get_<value>] was used to populate the object, check to make sure this command returns at least one valid object.
WARNING: [Vivado 12-584] No ports matched 'com_an[3]'. [/home/appletea/workspace_onedevice_2/fpga/RTL_Design/RTL_Design.srcs/constrs_1/imports/fpga/Basys-3-Master.xdc:63]
CRITICAL WARNING: [Common 17-55] 'set_property' expects at least one object. [/home/appletea/workspace_onedevice_2/fpga/RTL_Design/RTL_Design.srcs/constrs_1/imports/fpga/Basys-3-Master.xdc:63]
Resolution: If [get_<value>] was used to populate the object, check to make sure this command returns at least one valid object.
WARNING: [Vivado 12-584] No ports matched 'btn[0]'. [/home/appletea/workspace_onedevice_2/fpga/RTL_Design/RTL_Design.srcs/constrs_1/imports/fpga/Basys-3-Master.xdc:67]
CRITICAL WARNING: [Common 17-55] 'set_property' expects at least one object. [/home/appletea/workspace_onedevice_2/fpga/RTL_Design/RTL_Design.srcs/constrs_1/imports/fpga/Basys-3-Master.xdc:67]
Resolution: If [get_<value>] was used to populate the object, check to make sure this command returns at least one valid object.
WARNING: [Vivado 12-584] No ports matched 'btn_up'. [/home/appletea/workspace_onedevice_2/fpga/RTL_Design/RTL_Design.srcs/constrs_1/imports/fpga/Basys-3-Master.xdc:69]
CRITICAL WARNING: [Common 17-55] 'set_property' expects at least one object. [/home/appletea/workspace_onedevice_2/fpga/RTL_Design/RTL_Design.srcs/constrs_1/imports/fpga/Basys-3-Master.xdc:69]
Resolution: If [get_<value>] was used to populate the object, check to make sure this command returns at least one valid object.
WARNING: [Vivado 12-584] No ports matched 'btn_down'. [/home/appletea/workspace_onedevice_2/fpga/RTL_Design/RTL_Design.srcs/constrs_1/imports/fpga/Basys-3-Master.xdc:70]
CRITICAL WARNING: [Common 17-55] 'set_property' expects at least one object. [/home/appletea/workspace_onedevice_2/fpga/RTL_Design/RTL_Design.srcs/constrs_1/imports/fpga/Basys-3-Master.xdc:70]
Resolution: If [get_<value>] was used to populate the object, check to make sure this command returns at least one valid object.
Finished Parsing XDC File [/home/appletea/workspace_onedevice_2/fpga/RTL_Design/RTL_Design.srcs/constrs_1/imports/fpga/Basys-3-Master.xdc]
Completed Processing XDC Constraints

Netlist sorting complete. Time (s): cpu = 00:00:00 ; elapsed = 00:00:00 . Memory (MB): peak = 2005.125 ; gain = 0.000 ; free physical = 7340 ; free virtual = 35907
INFO: [Project 1-111] Unisim Transformation Summary:
No Unisim elements were transformed.

Constraint Validation Runtime : Time (s): cpu = 00:00:00 ; elapsed = 00:00:00 . Memory (MB): peak = 2005.125 ; gain = 0.000 ; free physical = 7340 ; free virtual = 35907
---------------------------------------------------------------------------------
Finished Constraint Validation : Time (s): cpu = 00:00:06 ; elapsed = 00:00:07 . Memory (MB): peak = 2005.125 ; gain = 530.508 ; free physical = 7366 ; free virtual = 35933
---------------------------------------------------------------------------------
---------------------------------------------------------------------------------
Start Loading Part and Timing Information
---------------------------------------------------------------------------------
Loading part: xc7a35tcpg236-1
---------------------------------------------------------------------------------
Finished Loading Part and Timing Information : Time (s): cpu = 00:00:07 ; elapsed = 00:00:07 . Memory (MB): peak = 2013.129 ; gain = 538.512 ; free physical = 7366 ; free virtual = 35933
---------------------------------------------------------------------------------
---------------------------------------------------------------------------------
Start Applying 'set_property' XDC Constraints
---------------------------------------------------------------------------------
---------------------------------------------------------------------------------
Finished applying 'set_property' XDC Constraints : Time (s): cpu = 00:00:07 ; elapsed = 00:00:07 . Memory (MB): peak = 2013.129 ; gain = 538.512 ; free physical = 7366 ; free virtual = 35933
---------------------------------------------------------------------------------
---------------------------------------------------------------------------------
Start Preparing Guide Design
---------------------------------------------------------------------------------
CRITICAL WARNING: [Synth 8-6895] The reference checkpoint /home/appletea/workspace_onedevice_2/fpga/RTL_Design/RTL_Design.srcs/utils_1/imports/synth_1/watch.dcp is not suitable for use with incremental synthesis for this design. Please regenerate the checkpoint for this design with -incremental_synth switch in the same Vivado session that synth_design has been run. Synthesis will continue with the default flow
---------------------------------------------------------------------------------
Finished Doing Graph Differ : Time (s): cpu = 00:00:07 ; elapsed = 00:00:07 . Memory (MB): peak = 2013.129 ; gain = 538.512 ; free physical = 7365 ; free virtual = 35934
---------------------------------------------------------------------------------
---------------------------------------------------------------------------------
Finished Preparing Guide Design : Time (s): cpu = 00:00:07 ; elapsed = 00:00:07 . Memory (MB): peak = 2013.129 ; gain = 538.512 ; free physical = 7365 ; free virtual = 35934
---------------------------------------------------------------------------------
---------------------------------------------------------------------------------
Finished RTL Optimization Phase 2 : Time (s): cpu = 00:00:07 ; elapsed = 00:00:07 . Memory (MB): peak = 2013.129 ; gain = 538.512 ; free physical = 7373 ; free virtual = 35941
---------------------------------------------------------------------------------


Incremental Synthesis Report Summary:

1. Incremental synthesis run: no

   Reason for not running incremental synthesis : 


INFO: [Synth 8-7130] Flow is switching to default flow due to incremental criteria not met. If you would like to alter this behaviour and have the flow terminate instead, please set the following parameter config_implementation {autoIncr.Synth.RejectBehavior Terminate}
---------------------------------------------------------------------------------
Start RTL Component Statistics 
---------------------------------------------------------------------------------
Detailed RTL Component Info : 
+---Adders : 
	   3 Input    2 Bit       Adders := 1     
---------------------------------------------------------------------------------
Finished RTL Component Statistics 
---------------------------------------------------------------------------------
---------------------------------------------------------------------------------
Start Part Resource Summary
---------------------------------------------------------------------------------
Part Resources:
DSPs: 90 (col length:60)
BRAMs: 100 (col length: RAMB18 60 RAMB36 30)
---------------------------------------------------------------------------------
Finished Part Resource Summary
---------------------------------------------------------------------------------
---------------------------------------------------------------------------------
Start Cross Boundary and Area Optimization
---------------------------------------------------------------------------------
WARNING: [Synth 8-7080] Parallel synthesis criteria is not met
---------------------------------------------------------------------------------
Finished Cross Boundary and Area Optimization : Time (s): cpu = 00:00:07 ; elapsed = 00:00:08 . Memory (MB): peak = 2013.129 ; gain = 538.512 ; free physical = 7374 ; free virtual = 35946
---------------------------------------------------------------------------------
---------------------------------------------------------------------------------
Start Applying XDC Timing Constraints
---------------------------------------------------------------------------------
---------------------------------------------------------------------------------
Finished Applying XDC Timing Constraints : Time (s): cpu = 00:00:10 ; elapsed = 00:00:10 . Memory (MB): peak = 2094.129 ; gain = 619.512 ; free physical = 7277 ; free virtual = 35856
---------------------------------------------------------------------------------
---------------------------------------------------------------------------------
Start Timing Optimization
---------------------------------------------------------------------------------
---------------------------------------------------------------------------------
Finished Timing Optimization : Time (s): cpu = 00:00:10 ; elapsed = 00:00:10 . Memory (MB): peak = 2094.129 ; gain = 619.512 ; free physical = 7277 ; free virtual = 35856
---------------------------------------------------------------------------------
---------------------------------------------------------------------------------
Start Technology Mapping
---------------------------------------------------------------------------------
---------------------------------------------------------------------------------
Finished Technology Mapping : Time (s): cpu = 00:00:10 ; elapsed = 00:00:10 . Memory (MB): peak = 2104.145 ; gain = 629.527 ; free physical = 7269 ; free virtual = 35848
---------------------------------------------------------------------------------
---------------------------------------------------------------------------------
Start IO Insertion
---------------------------------------------------------------------------------
---------------------------------------------------------------------------------
Start Flattening Before IO Insertion
---------------------------------------------------------------------------------
---------------------------------------------------------------------------------
Finished Flattening Before IO Insertion
---------------------------------------------------------------------------------
---------------------------------------------------------------------------------
Start Final Netlist Cleanup
---------------------------------------------------------------------------------
---------------------------------------------------------------------------------
Finished Final Netlist Cleanup
---------------------------------------------------------------------------------
---------------------------------------------------------------------------------
Finished IO Insertion : Time (s): cpu = 00:00:12 ; elapsed = 00:00:12 . Memory (MB): peak = 2265.957 ; gain = 791.340 ; free physical = 7127 ; free virtual = 35706
---------------------------------------------------------------------------------
---------------------------------------------------------------------------------
Start Renaming Generated Instances
---------------------------------------------------------------------------------
---------------------------------------------------------------------------------
Finished Renaming Generated Instances : Time (s): cpu = 00:00:12 ; elapsed = 00:00:12 . Memory (MB): peak = 2265.957 ; gain = 791.340 ; free physical = 7127 ; free virtual = 35706
---------------------------------------------------------------------------------
---------------------------------------------------------------------------------
Start Rebuilding User Hierarchy
---------------------------------------------------------------------------------
---------------------------------------------------------------------------------
Finished Rebuilding User Hierarchy : Time (s): cpu = 00:00:12 ; elapsed = 00:00:12 . Memory (MB): peak = 2265.957 ; gain = 791.340 ; free physical = 7127 ; free virtual = 35706
---------------------------------------------------------------------------------
---------------------------------------------------------------------------------
Start Renaming Generated Ports
---------------------------------------------------------------------------------
---------------------------------------------------------------------------------
Finished Renaming Generated Ports : Time (s): cpu = 00:00:12 ; elapsed = 00:00:12 . Memory (MB): peak = 2265.957 ; gain = 791.340 ; free physical = 7127 ; free virtual = 35706
---------------------------------------------------------------------------------
---------------------------------------------------------------------------------
Start Handling Custom Attributes
---------------------------------------------------------------------------------
---------------------------------------------------------------------------------
Finished Handling Custom Attributes : Time (s): cpu = 00:00:12 ; elapsed = 00:00:12 . Memory (MB): peak = 2265.957 ; gain = 791.340 ; free physical = 7127 ; free virtual = 35706
---------------------------------------------------------------------------------
---------------------------------------------------------------------------------
Start Renaming Generated Nets
---------------------------------------------------------------------------------
---------------------------------------------------------------------------------
Finished Renaming Generated Nets : Time (s): cpu = 00:00:12 ; elapsed = 00:00:12 . Memory (MB): peak = 2265.957 ; gain = 791.340 ; free physical = 7127 ; free virtual = 35706
---------------------------------------------------------------------------------
---------------------------------------------------------------------------------
Start Writing Synthesis Report
---------------------------------------------------------------------------------

Report BlackBoxes: 
+-+--------------+----------+
| |BlackBox name |Instances |
+-+--------------+----------+
+-+--------------+----------+

Report Cell Usage: 
+------+-----+------+
|      |Cell |Count |
+------+-----+------+
|1     |LUT3 |     2|
|2     |IBUF |     3|
|3     |OBUF |     2|
+------+-----+------+
---------------------------------------------------------------------------------
Finished Writing Synthesis Report : Time (s): cpu = 00:00:12 ; elapsed = 00:00:12 . Memory (MB): peak = 2265.957 ; gain = 791.340 ; free physical = 7127 ; free virtual = 35706
---------------------------------------------------------------------------------
Synthesis finished with 0 errors, 1 critical warnings and 1 warnings.
Synthesis Optimization Runtime : Time (s): cpu = 00:00:11 ; elapsed = 00:00:12 . Memory (MB): peak = 2265.957 ; gain = 715.434 ; free physical = 7127 ; free virtual = 35706
Synthesis Optimization Complete : Time (s): cpu = 00:00:12 ; elapsed = 00:00:12 . Memory (MB): peak = 2265.965 ; gain = 791.340 ; free physical = 7127 ; free virtual = 35706
INFO: [Project 1-571] Translating synthesized netlist
Netlist sorting complete. Time (s): cpu = 00:00:00 ; elapsed = 00:00:00 . Memory (MB): peak = 2265.965 ; gain = 0.000 ; free physical = 7127 ; free virtual = 35706
INFO: [Project 1-570] Preparing netlist for logic optimization
INFO: [Opt 31-138] Pushed 0 inverter(s) to 0 load pin(s).
Netlist sorting complete. Time (s): cpu = 00:00:00 ; elapsed = 00:00:00 . Memory (MB): peak = 2321.984 ; gain = 0.000 ; free physical = 7293 ; free virtual = 35872
INFO: [Project 1-111] Unisim Transformation Summary:
No Unisim elements were transformed.

Synth Design complete | Checksum: 592f9a3e
INFO: [Common 17-83] Releasing license: Synthesis
17 Infos, 22 Warnings, 22 Critical Warnings and 0 Errors encountered.
synth_design completed successfully
synth_design: Time (s): cpu = 00:00:16 ; elapsed = 00:00:15 . Memory (MB): peak = 2321.984 ; gain = 847.379 ; free physical = 7287 ; free virtual = 35866
INFO: [Common 17-2834] synth_design peak Physical Memory [PSS] (MB): overall = 1453.544; main = 1450.810; forked = 266.951
INFO: [Common 17-2834] synth_design peak Virtual Memory [VSS] (MB): overall = 2977.539; main = 2321.988; forked = 942.406
INFO: [runtcl-6] Synthesis results are not added to the cache due to CRITICAL_WARNING
Write ShapeDB Complete: Time (s): cpu = 00:00:00 ; elapsed = 00:00:00 . Memory (MB): peak = 2345.996 ; gain = 0.000 ; free physical = 7287 ; free virtual = 35866
INFO: [Common 17-1381] The checkpoint '/home/appletea/workspace_onedevice_2/fpga/RTL_Design/RTL_Design.runs/synth_1/full_adder_dataflow.dcp' has been generated.
INFO: [Vivado 12-24828] Executing command : report_utilization -file full_adder_dataflow_utilization_synth.rpt -pb full_adder_dataflow_utilization_synth.pb
INFO: [Common 17-206] Exiting Vivado at Mon Apr 27 10:42:46 2026...
